app/build/intermediates/manifest_merge_blame_file/release/manifest-merger-blame-release-report.txt
1<?xml version="1.0" encoding="utf-8"?>
2<!--
3     Copyright (C) 2021 The Android Open Source Project
4     Licensed under the Apache License, Version 2.0 (the "License");
5     you may not use this file except in compliance with the License.
6     You may obtain a copy of the License at
7          http://www.apache.org/licenses/LICENSE-2.0
8     Unless required by applicable law or agreed to in writing, software
9     distributed under the License is distributed on an "AS IS" BASIS,
10     WITHOUT WARRANTIES OR CONDITIONS OF ANY KIND, either express or implied.
11     See the License for the specific language governing permissions and
12     limitations under the License.
13-->
14<manifest xmlns:android="http://schemas.android.com/apk/res/android"
15    package="com.iago.pokewatch"
16    android:versionCode="2"
17    android:versionName="1.0.0.1" >
18
19    <uses-sdk
20        android:minSdkVersion="26"
20-->src/main/AndroidManifest.xml
21        android:targetSdkVersion="30" />
21-->src/main/AndroidManifest.xml
22
23    <uses-permission android:name="android.permission.WAKE_LOCK" />
23-->src/main/AndroidManifest.xml:18:5-68
23-->src/main/AndroidManifest.xml:18:22-65
24    <uses-permission android:name="android.permission.INTERNET" />
24-->src/main/AndroidManifest.xml:19:5-66
24-->src/main/AndroidManifest.xml:19:22-64
25
26    <uses-feature android:name="android.hardware.type.watch" />
26-->src/main/AndroidManifest.xml:21:5-64
26-->src/main/AndroidManifest.xml:21:19-61
27
28    <application
28-->src/main/AndroidManifest.xml:23:5-52:19
29        android:name="com.iago.pokewatch.ReminderApplication"
29-->src/main/AndroidManifest.xml:24:9-62
30        android:allowBackup="true"
30-->src/main/AndroidManifest.xml:25:9-35
31        android:appComponentFactory="androidx.core.app.CoreComponentFactory"
31-->[androidx.core:core:1.7.0] AndroidManifest.xml:24:18-86
32        android:extractNativeLibs="false"
33        android:icon="@mipmap/ic_launcher"
33-->src/main/AndroidManifest.xml:26:9-43
34        android:label="@string/app_name"
34-->src/main/AndroidManifest.xml:27:9-41
35        android:supportsRtl="true"
35-->src/main/AndroidManifest.xml:28:9-35
36        android:theme="@android:style/Theme.DeviceDefault" >
36-->src/main/AndroidManifest.xml:29:9-59
37        <uses-library
37-->src/main/AndroidManifest.xml:30:9-32:39
38            android:name="com.google.android.wearable"
38-->src/main/AndroidManifest.xml:31:13-55
39            android:required="true" />
39-->src/main/AndroidManifest.xml:32:13-36
40
41        <!--
42               Set to true if your app is Standalone, that is, it does not require the handheld
43               app to run.
44        -->
45        <meta-data
45-->src/main/AndroidManifest.xml:38:9-40:36
46            android:name="com.google.android.wearable.standalone"
46-->src/main/AndroidManifest.xml:39:13-66
47            android:value="true" />
47-->src/main/AndroidManifest.xml:40:13-33
48
49        <activity
49-->src/main/AndroidManifest.xml:42:9-51:20
50            android:name="com.iago.pokewatch.MainActivity"
50-->src/main/AndroidManifest.xml:43:13-59
51            android:exported="true"
51-->src/main/AndroidManifest.xml:44:13-36
52            android:label="@string/app_name" >
52-->src/main/AndroidManifest.xml:45:13-45
53            <intent-filter>
53-->src/main/AndroidManifest.xml:46:13-50:29
54                <action android:name="android.intent.action.MAIN" />
54-->src/main/AndroidManifest.xml:47:17-69
54-->src/main/AndroidManifest.xml:47:25-66
55
56                <category android:name="android.intent.category.LAUNCHER" />
56-->src/main/AndroidManifest.xml:49:17-77
56-->src/main/AndroidManifest.xml:49:27-74
57            </intent-filter>
58        </activity>
59        <activity
59-->[com.google.android.gms:play-services-base:17.5.0] AndroidManifest.xml:23:9-26:75
60            android:name="com.google.android.gms.common.api.GoogleApiActivity"
60-->[com.google.android.gms:play-services-base:17.5.0] AndroidManifest.xml:24:13-79
61            android:exported="false"
61-->[com.google.android.gms:play-services-base:17.5.0] AndroidManifest.xml:25:13-37
62            android:theme="@android:style/Theme.Translucent.NoTitleBar" />
62-->[com.google.android.gms:play-services-base:17.5.0] AndroidManifest.xml:26:13-72
63
64        <meta-data
64-->[com.google.android.gms:play-services-basement:17.5.0] AndroidManifest.xml:23:9-25:69
65            android:name="com.google.android.gms.version"
65-->[com.google.android.gms:play-services-basement:17.5.0] AndroidManifest.xml:24:13-58
66            android:value="@integer/google_play_services_version" />
66-->[com.google.android.gms:play-services-basement:17.5.0] AndroidManifest.xml:25:13-66
67
68        <provider
68-->[androidx.profileinstaller:profileinstaller:1.2.0-alpha02] AndroidManifest.xml:26:9-34:20
69            android:name="androidx.startup.InitializationProvider"
69-->[androidx.profileinstaller:profileinstaller:1.2.0-alpha02] AndroidManifest.xml:27:13-67
70            android:authorities="com.iago.pokewatch.androidx-startup"
70-->[androidx.profileinstaller:profileinstaller:1.2.0-alpha02] AndroidManifest.xml:28:13-68
71            android:exported="false" >
71-->[androidx.profileinstaller:profileinstaller:1.2.0-alpha02] AndroidManifest.xml:29:13-37
72            <meta-data
72-->[androidx.profileinstaller:profileinstaller:1.2.0-alpha02] AndroidManifest.xml:31:13-33:52
73                android:name="androidx.profileinstaller.ProfileInstallerInitializer"
73-->[androidx.profileinstaller:profileinstaller:1.2.0-alpha02] AndroidManifest.xml:32:17-85
74                android:value="androidx.startup" />
74-->[androidx.profileinstaller:profileinstaller:1.2.0-alpha02] AndroidManifest.xml:33:17-49
75        </provider>
76
77        <receiver
77-->[androidx.profileinstaller:profileinstaller:1.2.0-alpha02] AndroidManifest.xml:36:9-45:20
78            android:name="androidx.profileinstaller.ProfileInstallReceiver"
78-->[androidx.profileinstaller:profileinstaller:1.2.0-alpha02] AndroidManifest.xml:37:13-76
79            android:directBootAware="false"
79-->[androidx.profileinstaller:profileinstaller:1.2.0-alpha02] AndroidManifest.xml:38:13-44
80            android:enabled="true"
80-->[androidx.profileinstaller:profileinstaller:1.2.0-alpha02] AndroidManifest.xml:39:13-35
81            android:exported="true"
81-->[androidx.profileinstaller:profileinstaller:1.2.0-alpha02] AndroidManifest.xml:40:13-36
82            android:permission="android.permission.DUMP" >
82-->[androidx.profileinstaller:profileinstaller:1.2.0-alpha02] AndroidManifest.xml:41:13-57
83            <intent-filter>
83-->[androidx.profileinstaller:profileinstaller:1.2.0-alpha02] AndroidManifest.xml:42:13-44:29
84                <action android:name="androidx.profileinstaller.action.INSTALL_PROFILE" />
84-->[androidx.profileinstaller:profileinstaller:1.2.0-alpha02] AndroidManifest.xml:43:17-91
84-->[androidx.profileinstaller:profileinstaller:1.2.0-alpha02] AndroidManifest.xml:43:25-88
85            </intent-filter>
86        </receiver>
87    </application>
88
89</manifest>